{"C:\\Users\\sales\\Desktop\\x2\\Andela\\portofolio-backend-v2\\portofolio-backend\\src\\index.ts": {"path":"C:\\Users\\sales\\Desktop\\x2\\Andela\\portofolio-backend-v2\\portofolio-backend\\src\\index.ts","statementMap":{"0":{"start":{"line":1,"column":0},"end":{"line":1,"column":30}},"1":{"start":{"line":2,"column":0},"end":{"line":2,"column":37}},"2":{"start":{"line":3,"column":0},"end":{"line":3,"column":null}},"3":{"start":{"line":5,"column":0},"end":{"line":5,"column":39}},"4":{"start":{"line":6,"column":0},"end":{"line":6,"column":39}},"5":{"start":{"line":7,"column":0},"end":{"line":7,"column":45}},"6":{"start":{"line":9,"column":0},"end":{"line":9,"column":40}},"7":{"start":{"line":10,"column":0},"end":{"line":10,"column":42}},"8":{"start":{"line":13,"column":13},"end":{"line":13,"column":29}},"9":{"start":{"line":15,"column":13},"end":{"line":15,"column":28}},"10":{"start":{"line":16,"column":13},"end":{"line":16,"column":17}},"11":{"start":{"line":18,"column":0},"end":{"line":18,"column":24}},"12":{"start":{"line":19,"column":0},"end":{"line":19,"column":16}},"13":{"start":{"line":21,"column":0},"end":{"line":23,"column":5}},"14":{"start":{"line":22,"column":4},"end":{"line":22,"column":29}},"15":{"start":{"line":25,"column":0},"end":{"line":25,"column":29}},"16":{"start":{"line":26,"column":0},"end":{"line":26,"column":29}},"17":{"start":{"line":27,"column":0},"end":{"line":27,"column":35}},"18":{"start":{"line":29,"column":14},"end":{"line":46,"column":2}},"19":{"start":{"line":48,"column":0},"end":{"line":48,"column":62}},"20":{"start":{"line":51,"column":14},"end":{"line":61,"column":null}},"21":{"start":{"line":51,"column":25},"end":{"line":61,"column":null}},"22":{"start":{"line":52,"column":4},"end":{"line":60,"column":5}},"23":{"start":{"line":53,"column":8},"end":{"line":53,"column":null}},"24":{"start":{"line":54,"column":8},"end":{"line":56,"column":9}},"25":{"start":{"line":55,"column":12},"end":{"line":55,"column":90}},"26":{"start":{"line":55,"column":35},"end":{"line":55,"column":88}},"27":{"start":{"line":59,"column":9},"end":{"line":59,"column":null}},"28":{"start":{"line":62,"column":0},"end":{"line":62,"column":null}},"29":{"start":{"line":63,"column":0},"end":{"line":63,"column":19}}},"fnMap":{"0":{"name":"(anonymous_8)","decl":{"start":{"line":21,"column":13},"end":{"line":21,"column":14}},"loc":{"start":{"line":21,"column":26},"end":{"line":23,"column":3}}},"1":{"name":"(anonymous_9)","decl":{"start":{"line":51,"column":14},"end":{"line":51,"column":23}},"loc":{"start":{"line":51,"column":25},"end":{"line":61,"column":null}}},"2":{"name":"(anonymous_10)","decl":{"start":{"line":51,"column":25},"end":{"line":51,"column":null}},"loc":{"start":{"line":51,"column":25},"end":{"line":61,"column":1}}},"3":{"name":"(anonymous_11)","decl":{"start":{"line":55,"column":29},"end":{"line":55,"column":32}},"loc":{"start":{"line":55,"column":35},"end":{"line":55,"column":88}}}},"branchMap":{"0":{"loc":{"start":{"line":53,"column":24},"end":{"line":53,"column":50}},"type":"binary-expr","locations":[{"start":{"line":53,"column":24},"end":{"line":53,"column":45}},{"start":{"line":53,"column":48},"end":{"line":53,"column":50}}]},"1":{"loc":{"start":{"line":54,"column":8},"end":{"line":56,"column":9}},"type":"if","locations":[{"start":{"line":54,"column":8},"end":{"line":56,"column":9}}]}},"s":{"0":1,"1":1,"2":1,"3":1,"4":1,"5":1,"6":1,"7":1,"8":1,"9":1,"10":1,"11":1,"12":1,"13":1,"14":0,"15":1,"16":1,"17":1,"18":1,"19":1,"20":1,"21":1,"22":1,"23":1,"24":1,"25":1,"26":1,"27":0,"28":1,"29":1},"f":{"0":0,"1":1,"2":1,"3":1},"b":{"0":[1,0],"1":[1]}}
,"C:\\Users\\sales\\Desktop\\x2\\Andela\\portofolio-backend-v2\\portofolio-backend\\src\\controllers\\blog.ts": {"path":"C:\\Users\\sales\\Desktop\\x2\\Andela\\portofolio-backend-v2\\portofolio-backend\\src\\controllers\\blog.ts","statementMap":{"0":{"start":{"line":2,"column":0},"end":{"line":2,"column":34}},"1":{"start":{"line":9,"column":4},"end":{"line":14,"column":5}},"2":{"start":{"line":10,"column":20},"end":{"line":10,"column":37}},"3":{"start":{"line":11,"column":6},"end":{"line":11,"column":22}},"4":{"start":{"line":13,"column":6},"end":{"line":13,"column":71}},"5":{"start":{"line":18,"column":4},"end":{"line":26,"column":5}},"6":{"start":{"line":19,"column":19},"end":{"line":19,"column":53}},"7":{"start":{"line":20,"column":6},"end":{"line":22,"column":7}},"8":{"start":{"line":21,"column":8},"end":{"line":21,"column":69}},"9":{"start":{"line":23,"column":6},"end":{"line":23,"column":21}},"10":{"start":{"line":25,"column":6},"end":{"line":25,"column":77}},"11":{"start":{"line":30,"column":71},"end":{"line":30,"column":79}},"12":{"start":{"line":32,"column":4},"end":{"line":50,"column":5}},"13":{"start":{"line":33,"column":19},"end":{"line":43,"column":8}},"14":{"start":{"line":45,"column":24},"end":{"line":45,"column":41}},"15":{"start":{"line":47,"column":6},"end":{"line":47,"column":38}},"16":{"start":{"line":49,"column":6},"end":{"line":49,"column":74}},"17":{"start":{"line":54,"column":4},"end":{"line":66,"column":5}},"18":{"start":{"line":55,"column":19},"end":{"line":55,"column":53}},"19":{"start":{"line":56,"column":6},"end":{"line":58,"column":7}},"20":{"start":{"line":57,"column":8},"end":{"line":57,"column":69}},"21":{"start":{"line":60,"column":6},"end":{"line":60,"column":22}},"22":{"start":{"line":62,"column":26},"end":{"line":62,"column":43}},"23":{"start":{"line":63,"column":6},"end":{"line":63,"column":40}},"24":{"start":{"line":65,"column":6},"end":{"line":65,"column":91}},"25":{"start":{"line":69,"column":4},"end":{"line":81,"column":5}},"26":{"start":{"line":70,"column":19},"end":{"line":70,"column":53}},"27":{"start":{"line":71,"column":6},"end":{"line":73,"column":7}},"28":{"start":{"line":72,"column":8},"end":{"line":72,"column":69}},"29":{"start":{"line":75,"column":6},"end":{"line":75,"column":22}},"30":{"start":{"line":77,"column":26},"end":{"line":77,"column":43}},"31":{"start":{"line":78,"column":6},"end":{"line":78,"column":40}},"32":{"start":{"line":80,"column":6},"end":{"line":80,"column":82}},"33":{"start":{"line":85,"column":4},"end":{"line":112,"column":5}},"34":{"start":{"line":86,"column":19},"end":{"line":86,"column":53}},"35":{"start":{"line":87,"column":6},"end":{"line":89,"column":7}},"36":{"start":{"line":88,"column":8},"end":{"line":88,"column":69}},"37":{"start":{"line":92,"column":6},"end":{"line":94,"column":7}},"38":{"start":{"line":93,"column":8},"end":{"line":93,"column":36}},"39":{"start":{"line":95,"column":6},"end":{"line":97,"column":7}},"40":{"start":{"line":96,"column":8},"end":{"line":96,"column":56}},"41":{"start":{"line":98,"column":6},"end":{"line":100,"column":7}},"42":{"start":{"line":99,"column":8},"end":{"line":99,"column":48}},"43":{"start":{"line":101,"column":6},"end":{"line":103,"column":7}},"44":{"start":{"line":102,"column":8},"end":{"line":102,"column":36}},"45":{"start":{"line":104,"column":6},"end":{"line":106,"column":7}},"46":{"start":{"line":105,"column":8},"end":{"line":105,"column":46}},"47":{"start":{"line":108,"column":26},"end":{"line":108,"column":43}},"48":{"start":{"line":109,"column":6},"end":{"line":109,"column":40}},"49":{"start":{"line":111,"column":6},"end":{"line":111,"column":82}},"50":{"start":{"line":116,"column":4},"end":{"line":126,"column":5}},"51":{"start":{"line":117,"column":19},"end":{"line":117,"column":53}},"52":{"start":{"line":118,"column":6},"end":{"line":120,"column":7}},"53":{"start":{"line":119,"column":8},"end":{"line":119,"column":69}},"54":{"start":{"line":122,"column":6},"end":{"line":122,"column":50}},"55":{"start":{"line":123,"column":6},"end":{"line":123,"column":56}},"56":{"start":{"line":125,"column":6},"end":{"line":125,"column":84}},"57":{"start":{"line":129,"column":4},"end":{"line":147,"column":5}},"58":{"start":{"line":131,"column":22},"end":{"line":131,"column":63}},"59":{"start":{"line":134,"column":8},"end":{"line":144,"column":9}},"60":{"start":{"line":136,"column":34},"end":{"line":136,"column":70}},"61":{"start":{"line":136,"column":61},"end":{"line":136,"column":69}},"62":{"start":{"line":139,"column":12},"end":{"line":139,"column":67}},"63":{"start":{"line":141,"column":12},"end":{"line":141,"column":63}},"64":{"start":{"line":143,"column":12},"end":{"line":143,"column":101}},"65":{"start":{"line":146,"column":8},"end":{"line":146,"column":89}},"66":{"start":{"line":6,"column":0},"end":{"line":6,"column":21}}},"fnMap":{"0":{"name":"(anonymous_8)","decl":{"start":{"line":8,"column":8},"end":{"line":8,"column":19}},"loc":{"start":{"line":8,"column":47},"end":{"line":15,"column":4}}},"1":{"name":"(anonymous_10)","decl":{"start":{"line":17,"column":9},"end":{"line":17,"column":20}},"loc":{"start":{"line":17,"column":48},"end":{"line":27,"column":4}}},"2":{"name":"(anonymous_12)","decl":{"start":{"line":29,"column":8},"end":{"line":29,"column":18}},"loc":{"start":{"line":29,"column":46},"end":{"line":51,"column":4}}},"3":{"name":"(anonymous_14)","decl":{"start":{"line":53,"column":8},"end":{"line":53,"column":21}},"loc":{"start":{"line":53,"column":49},"end":{"line":67,"column":4}}},"4":{"name":"(anonymous_16)","decl":{"start":{"line":68,"column":8},"end":{"line":68,"column":16}},"loc":{"start":{"line":68,"column":44},"end":{"line":82,"column":4}}},"5":{"name":"(anonymous_18)","decl":{"start":{"line":84,"column":8},"end":{"line":84,"column":16}},"loc":{"start":{"line":84,"column":44},"end":{"line":113,"column":4}}},"6":{"name":"(anonymous_20)","decl":{"start":{"line":115,"column":8},"end":{"line":115,"column":18}},"loc":{"start":{"line":115,"column":47},"end":{"line":127,"column":4}}},"7":{"name":"(anonymous_22)","decl":{"start":{"line":128,"column":8},"end":{"line":128,"column":34}},"loc":{"start":{"line":128,"column":62},"end":{"line":148,"column":2}}},"8":{"name":"(anonymous_24)","decl":{"start":{"line":136,"column":53},"end":{"line":136,"column":57}},"loc":{"start":{"line":136,"column":61},"end":{"line":136,"column":69}}}},"branchMap":{"0":{"loc":{"start":{"line":20,"column":6},"end":{"line":22,"column":7}},"type":"if","locations":[{"start":{"line":20,"column":6},"end":{"line":22,"column":7}}]},"1":{"loc":{"start":{"line":56,"column":6},"end":{"line":58,"column":7}},"type":"if","locations":[{"start":{"line":56,"column":6},"end":{"line":58,"column":7}}]},"2":{"loc":{"start":{"line":71,"column":6},"end":{"line":73,"column":7}},"type":"if","locations":[{"start":{"line":71,"column":6},"end":{"line":73,"column":7}}]},"3":{"loc":{"start":{"line":87,"column":6},"end":{"line":89,"column":7}},"type":"if","locations":[{"start":{"line":87,"column":6},"end":{"line":89,"column":7}}]},"4":{"loc":{"start":{"line":92,"column":6},"end":{"line":94,"column":7}},"type":"if","locations":[{"start":{"line":92,"column":6},"end":{"line":94,"column":7}}]},"5":{"loc":{"start":{"line":95,"column":6},"end":{"line":97,"column":7}},"type":"if","locations":[{"start":{"line":95,"column":6},"end":{"line":97,"column":7}}]},"6":{"loc":{"start":{"line":98,"column":6},"end":{"line":100,"column":7}},"type":"if","locations":[{"start":{"line":98,"column":6},"end":{"line":100,"column":7}}]},"7":{"loc":{"start":{"line":101,"column":6},"end":{"line":103,"column":7}},"type":"if","locations":[{"start":{"line":101,"column":6},"end":{"line":103,"column":7}}]},"8":{"loc":{"start":{"line":104,"column":6},"end":{"line":106,"column":7}},"type":"if","locations":[{"start":{"line":104,"column":6},"end":{"line":106,"column":7}}]},"9":{"loc":{"start":{"line":118,"column":6},"end":{"line":120,"column":7}},"type":"if","locations":[{"start":{"line":118,"column":6},"end":{"line":120,"column":7}}]},"10":{"loc":{"start":{"line":134,"column":8},"end":{"line":144,"column":9}},"type":"if","locations":[{"start":{"line":134,"column":8},"end":{"line":144,"column":9}},{"start":{"line":142,"column":15},"end":{"line":144,"column":9}}]}},"s":{"0":1,"1":2,"2":2,"3":2,"4":0,"5":2,"6":2,"7":1,"8":0,"9":1,"10":1,"11":1,"12":1,"13":1,"14":1,"15":1,"16":0,"17":2,"18":2,"19":1,"20":0,"21":1,"22":1,"23":1,"24":1,"25":2,"26":2,"27":1,"28":0,"29":1,"30":1,"31":1,"32":1,"33":2,"34":2,"35":1,"36":0,"37":1,"38":1,"39":1,"40":1,"41":1,"42":1,"43":1,"44":1,"45":1,"46":1,"47":1,"48":1,"49":1,"50":2,"51":2,"52":1,"53":0,"54":1,"55":1,"56":1,"57":0,"58":0,"59":0,"60":0,"61":0,"62":0,"63":0,"64":0,"65":0,"66":1},"f":{"0":2,"1":2,"2":1,"3":2,"4":2,"5":2,"6":2,"7":0,"8":0},"b":{"0":[0],"1":[0],"2":[0],"3":[0],"4":[1],"5":[1],"6":[1],"7":[1],"8":[1],"9":[0],"10":[0,0]}}
,"C:\\Users\\sales\\Desktop\\x2\\Andela\\portofolio-backend-v2\\portofolio-backend\\src\\controllers\\comments.ts": {"path":"C:\\Users\\sales\\Desktop\\x2\\Andela\\portofolio-backend-v2\\portofolio-backend\\src\\controllers\\comments.ts","statementMap":{"0":{"start":{"line":2,"column":0},"end":{"line":2,"column":44}},"1":{"start":{"line":3,"column":0},"end":{"line":3,"column":35}},"2":{"start":{"line":9,"column":42},"end":{"line":9,"column":50}},"3":{"start":{"line":11,"column":2},"end":{"line":37,"column":3}},"4":{"start":{"line":12,"column":20},"end":{"line":18,"column":6}},"5":{"start":{"line":20,"column":25},"end":{"line":20,"column":45}},"6":{"start":{"line":23,"column":17},"end":{"line":23,"column":45}},"7":{"start":{"line":24,"column":4},"end":{"line":26,"column":5}},"8":{"start":{"line":25,"column":6},"end":{"line":25,"column":65}},"9":{"start":{"line":29,"column":4},"end":{"line":29,"column":43}},"10":{"start":{"line":32,"column":4},"end":{"line":32,"column":22}},"11":{"start":{"line":34,"column":4},"end":{"line":34,"column":27}},"12":{"start":{"line":36,"column":4},"end":{"line":36,"column":75}},"13":{"start":{"line":44,"column":17},"end":{"line":44,"column":27}},"14":{"start":{"line":46,"column":2},"end":{"line":71,"column":3}},"15":{"start":{"line":47,"column":27},"end":{"line":47,"column":62}},"16":{"start":{"line":49,"column":4},"end":{"line":51,"column":5}},"17":{"start":{"line":50,"column":6},"end":{"line":50,"column":68}},"18":{"start":{"line":54,"column":17},"end":{"line":54,"column":60}},"19":{"start":{"line":55,"column":4},"end":{"line":57,"column":5}},"20":{"start":{"line":56,"column":6},"end":{"line":56,"column":65}},"21":{"start":{"line":60,"column":18},"end":{"line":60,"column":61}},"22":{"start":{"line":61,"column":4},"end":{"line":63,"column":5}},"23":{"start":{"line":62,"column":6},"end":{"line":62,"column":40}},"24":{"start":{"line":66,"column":4},"end":{"line":66,"column":22}},"25":{"start":{"line":68,"column":4},"end":{"line":68,"column":58}},"26":{"start":{"line":70,"column":4},"end":{"line":70,"column":77}},"27":{"start":{"line":76,"column":19},"end":{"line":76,"column":29}},"28":{"start":{"line":78,"column":4},"end":{"line":88,"column":5}},"29":{"start":{"line":79,"column":23},"end":{"line":79,"column":57}},"30":{"start":{"line":81,"column":6},"end":{"line":83,"column":7}},"31":{"start":{"line":82,"column":8},"end":{"line":82,"column":84}},"32":{"start":{"line":85,"column":6},"end":{"line":85,"column":25}},"33":{"start":{"line":87,"column":6},"end":{"line":87,"column":79}},"34":{"start":{"line":5,"column":0},"end":{"line":5,"column":21}}},"fnMap":{"0":{"name":"(anonymous_8)","decl":{"start":{"line":8,"column":6},"end":{"line":8,"column":16}},"loc":{"start":{"line":8,"column":44},"end":{"line":38,"column":null}}},"1":{"name":"(anonymous_10)","decl":{"start":{"line":43,"column":6},"end":{"line":43,"column":19}},"loc":{"start":{"line":43,"column":47},"end":{"line":72,"column":null}}},"2":{"name":"(anonymous_12)","decl":{"start":{"line":75,"column":6},"end":{"line":75,"column":24}},"loc":{"start":{"line":75,"column":52},"end":{"line":89,"column":null}}}},"branchMap":{"0":{"loc":{"start":{"line":24,"column":4},"end":{"line":26,"column":5}},"type":"if","locations":[{"start":{"line":24,"column":4},"end":{"line":26,"column":5}}]},"1":{"loc":{"start":{"line":49,"column":4},"end":{"line":51,"column":5}},"type":"if","locations":[{"start":{"line":49,"column":4},"end":{"line":51,"column":5}}]},"2":{"loc":{"start":{"line":55,"column":4},"end":{"line":57,"column":5}},"type":"if","locations":[{"start":{"line":55,"column":4},"end":{"line":57,"column":5}}]},"3":{"loc":{"start":{"line":61,"column":4},"end":{"line":63,"column":5}},"type":"if","locations":[{"start":{"line":61,"column":4},"end":{"line":63,"column":5}}]},"4":{"loc":{"start":{"line":81,"column":6},"end":{"line":83,"column":7}},"type":"if","locations":[{"start":{"line":81,"column":6},"end":{"line":83,"column":7}}]}},"s":{"0":1,"1":1,"2":4,"3":4,"4":4,"5":4,"6":3,"7":3,"8":1,"9":2,"10":2,"11":2,"12":1,"13":0,"14":0,"15":0,"16":0,"17":0,"18":0,"19":0,"20":0,"21":0,"22":0,"23":0,"24":0,"25":0,"26":0,"27":1,"28":1,"29":1,"30":1,"31":0,"32":1,"33":0,"34":1},"f":{"0":4,"1":0,"2":1},"b":{"0":[1],"1":[0],"2":[0],"3":[0],"4":[0]}}
,"C:\\Users\\sales\\Desktop\\x2\\Andela\\portofolio-backend-v2\\portofolio-backend\\src\\controllers\\user.ts": {"path":"C:\\Users\\sales\\Desktop\\x2\\Andela\\portofolio-backend-v2\\portofolio-backend\\src\\controllers\\user.ts","statementMap":{"0":{"start":{"line":1,"column":15},"end":{"line":1,"column":32}},"1":{"start":{"line":3,"column":0},"end":{"line":3,"column":34}},"2":{"start":{"line":4,"column":0},"end":{"line":4,"column":57}},"3":{"start":{"line":5,"column":19},"end":{"line":5,"column":40}},"4":{"start":{"line":9,"column":34},"end":{"line":9,"column":42}},"5":{"start":{"line":11,"column":6},"end":{"line":13,"column":7}},"6":{"start":{"line":12,"column":8},"end":{"line":12,"column":86}},"7":{"start":{"line":14,"column":6},"end":{"line":38,"column":7}},"8":{"start":{"line":15,"column":21},"end":{"line":15,"column":50}},"9":{"start":{"line":17,"column":8},"end":{"line":19,"column":9}},"10":{"start":{"line":18,"column":10},"end":{"line":18,"column":79}},"11":{"start":{"line":21,"column":27},"end":{"line":21,"column":29}},"12":{"start":{"line":22,"column":31},"end":{"line":22,"column":70}},"13":{"start":{"line":24,"column":24},"end":{"line":24,"column":69}},"14":{"start":{"line":25,"column":8},"end":{"line":25,"column":29}},"15":{"start":{"line":28,"column":25},"end":{"line":32,"column":6}},"16":{"start":{"line":35,"column":8},"end":{"line":35,"column":43}},"17":{"start":{"line":37,"column":8},"end":{"line":37,"column":73}},"18":{"start":{"line":42,"column":34},"end":{"line":42,"column":42}},"19":{"start":{"line":44,"column":6},"end":{"line":83,"column":7}},"20":{"start":{"line":45,"column":21},"end":{"line":45,"column":50}},"21":{"start":{"line":47,"column":8},"end":{"line":49,"column":9}},"22":{"start":{"line":48,"column":10},"end":{"line":48,"column":69}},"23":{"start":{"line":51,"column":22},"end":{"line":51,"column":67}},"24":{"start":{"line":53,"column":8},"end":{"line":55,"column":9}},"25":{"start":{"line":54,"column":10},"end":{"line":54,"column":73}},"26":{"start":{"line":57,"column":24},"end":{"line":61,"column":10}},"27":{"start":{"line":63,"column":8},"end":{"line":80,"column":10}},"28":{"start":{"line":70,"column":12},"end":{"line":70,"column":31}},"29":{"start":{"line":70,"column":21},"end":{"line":70,"column":31}},"30":{"start":{"line":72,"column":33},"end":{"line":76,"column":14}},"31":{"start":{"line":78,"column":12},"end":{"line":78,"column":98}},"32":{"start":{"line":82,"column":8},"end":{"line":82,"column":70}},"33":{"start":{"line":86,"column":39},"end":{"line":86,"column":47}},"34":{"start":{"line":87,"column":5},"end":{"line":89,"column":6}},"35":{"start":{"line":88,"column":6},"end":{"line":88,"column":89}},"36":{"start":{"line":90,"column":6},"end":{"line":115,"column":7}},"37":{"start":{"line":91,"column":26},"end":{"line":97,"column":10}},"38":{"start":{"line":99,"column":26},"end":{"line":104,"column":10}},"39":{"start":{"line":106,"column":8},"end":{"line":112,"column":11}},"40":{"start":{"line":107,"column":10},"end":{"line":111,"column":11}},"41":{"start":{"line":108,"column":12},"end":{"line":108,"column":84}},"42":{"start":{"line":110,"column":12},"end":{"line":110,"column":80}},"43":{"start":{"line":114,"column":8},"end":{"line":114,"column":73}},"44":{"start":{"line":7,"column":0},"end":{"line":7,"column":21}}},"fnMap":{"0":{"name":"(anonymous_8)","decl":{"start":{"line":8,"column":10},"end":{"line":8,"column":16}},"loc":{"start":{"line":8,"column":44},"end":{"line":39,"column":null}}},"1":{"name":"(anonymous_10)","decl":{"start":{"line":41,"column":10},"end":{"line":41,"column":16}},"loc":{"start":{"line":41,"column":44},"end":{"line":84,"column":null}}},"2":{"name":"(anonymous_12)","decl":{"start":{"line":69,"column":10},"end":{"line":69,"column":11}},"loc":{"start":{"line":69,"column":59},"end":{"line":79,"column":11}}},"3":{"name":"(anonymous_13)","decl":{"start":{"line":85,"column":10},"end":{"line":85,"column":19}},"loc":{"start":{"line":85,"column":47},"end":{"line":116,"column":null}}},"4":{"name":"(anonymous_15)","decl":{"start":{"line":106,"column":42},"end":{"line":106,"column":43}},"loc":{"start":{"line":106,"column":64},"end":{"line":112,"column":9}}}},"branchMap":{"0":{"loc":{"start":{"line":11,"column":6},"end":{"line":13,"column":7}},"type":"if","locations":[{"start":{"line":11,"column":6},"end":{"line":13,"column":7}}]},"1":{"loc":{"start":{"line":11,"column":10},"end":{"line":11,"column":29}},"type":"binary-expr","locations":[{"start":{"line":11,"column":10},"end":{"line":11,"column":16}},{"start":{"line":11,"column":20},"end":{"line":11,"column":29}}]},"2":{"loc":{"start":{"line":17,"column":8},"end":{"line":19,"column":9}},"type":"if","locations":[{"start":{"line":17,"column":8},"end":{"line":19,"column":9}}]},"3":{"loc":{"start":{"line":47,"column":8},"end":{"line":49,"column":9}},"type":"if","locations":[{"start":{"line":47,"column":8},"end":{"line":49,"column":9}}]},"4":{"loc":{"start":{"line":53,"column":8},"end":{"line":55,"column":9}},"type":"if","locations":[{"start":{"line":53,"column":8},"end":{"line":55,"column":9}}]},"5":{"loc":{"start":{"line":70,"column":12},"end":{"line":70,"column":31}},"type":"if","locations":[{"start":{"line":70,"column":12},"end":{"line":70,"column":31}}]},"6":{"loc":{"start":{"line":87,"column":5},"end":{"line":89,"column":6}},"type":"if","locations":[{"start":{"line":87,"column":5},"end":{"line":89,"column":6}}]},"7":{"loc":{"start":{"line":87,"column":9},"end":{"line":87,"column":36}},"type":"binary-expr","locations":[{"start":{"line":87,"column":9},"end":{"line":87,"column":14}},{"start":{"line":87,"column":18},"end":{"line":87,"column":24}},{"start":{"line":87,"column":28},"end":{"line":87,"column":36}}]},"8":{"loc":{"start":{"line":107,"column":10},"end":{"line":111,"column":11}},"type":"if","locations":[{"start":{"line":107,"column":10},"end":{"line":111,"column":11}},{"start":{"line":109,"column":17},"end":{"line":111,"column":11}}]}},"s":{"0":1,"1":1,"2":1,"3":1,"4":1,"5":1,"6":1,"7":0,"8":0,"9":0,"10":0,"11":0,"12":0,"13":0,"14":0,"15":0,"16":0,"17":0,"18":4,"19":4,"20":4,"21":4,"22":1,"23":3,"24":3,"25":1,"26":2,"27":2,"28":2,"29":0,"30":2,"31":2,"32":0,"33":1,"34":1,"35":1,"36":0,"37":0,"38":0,"39":0,"40":0,"41":0,"42":0,"43":0,"44":1},"f":{"0":1,"1":4,"2":2,"3":1,"4":0},"b":{"0":[1],"1":[1,1],"2":[0],"3":[1],"4":[1],"5":[0],"6":[1],"7":[1,0,0],"8":[0,0]}}
,"C:\\Users\\sales\\Desktop\\x2\\Andela\\portofolio-backend-v2\\portofolio-backend\\src\\db\\connect.ts": {"path":"C:\\Users\\sales\\Desktop\\x2\\Andela\\portofolio-backend-v2\\portofolio-backend\\src\\db\\connect.ts","statementMap":{"0":{"start":{"line":1,"column":17},"end":{"line":1,"column":36}},"1":{"start":{"line":3,"column":18},"end":{"line":5,"column":1}},"2":{"start":{"line":4,"column":4},"end":{"line":4,"column":null}},"3":{"start":{"line":7,"column":0},"end":{"line":7,"column":25}}},"fnMap":{"0":{"name":"(anonymous_0)","decl":{"start":{"line":3,"column":18},"end":{"line":3,"column":19}},"loc":{"start":{"line":3,"column":33},"end":{"line":5,"column":1}}}},"branchMap":{},"s":{"0":1,"1":1,"2":1,"3":1},"f":{"0":1},"b":{}}
,"C:\\Users\\sales\\Desktop\\x2\\Andela\\portofolio-backend-v2\\portofolio-backend\\src\\middleware\\authMiddleware.ts": {"path":"C:\\Users\\sales\\Desktop\\x2\\Andela\\portofolio-backend-v2\\portofolio-backend\\src\\middleware\\authMiddleware.ts","statementMap":{"0":{"start":{"line":1,"column":0},"end":{"line":1,"column":47}},"1":{"start":{"line":3,"column":0},"end":{"line":3,"column":34}},"2":{"start":{"line":5,"column":30},"end":{"line":32,"column":2}},"3":{"start":{"line":5,"column":88},"end":{"line":32,"column":2}},"4":{"start":{"line":7,"column":16},"end":{"line":7,"column":43}},"5":{"start":{"line":12,"column":2},"end":{"line":14,"column":3}},"6":{"start":{"line":13,"column":4},"end":{"line":13,"column":75}},"7":{"start":{"line":16,"column":2},"end":{"line":31,"column":3}},"8":{"start":{"line":18,"column":20},"end":{"line":18,"column":74}},"9":{"start":{"line":21,"column":17},"end":{"line":21,"column":53}},"10":{"start":{"line":22,"column":4},"end":{"line":24,"column":5}},"11":{"start":{"line":23,"column":6},"end":{"line":23,"column":61}},"12":{"start":{"line":27,"column":4},"end":{"line":27,"column":11}},"13":{"start":{"line":30,"column":4},"end":{"line":30,"column":56}},"14":{"start":{"line":5,"column":13},"end":{"line":5,"column":30}}},"fnMap":{"0":{"name":"(anonymous_8)","decl":{"start":{"line":5,"column":30},"end":{"line":5,"column":37}},"loc":{"start":{"line":5,"column":88},"end":{"line":32,"column":2}}},"1":{"name":"(anonymous_9)","decl":{"start":{"line":5,"column":88},"end":{"line":5,"column":null}},"loc":{"start":{"line":5,"column":88},"end":{"line":32,"column":1}}}},"branchMap":{"0":{"loc":{"start":{"line":12,"column":2},"end":{"line":14,"column":3}},"type":"if","locations":[{"start":{"line":12,"column":2},"end":{"line":14,"column":3}}]},"1":{"loc":{"start":{"line":22,"column":4},"end":{"line":24,"column":5}},"type":"if","locations":[{"start":{"line":22,"column":4},"end":{"line":24,"column":5}}]}},"s":{"0":1,"1":1,"2":1,"3":9,"4":9,"5":9,"6":3,"7":6,"8":6,"9":5,"10":5,"11":0,"12":5,"13":1,"14":1},"f":{"0":9,"1":9},"b":{"0":[3],"1":[0]}}
,"C:\\Users\\sales\\Desktop\\x2\\Andela\\portofolio-backend-v2\\portofolio-backend\\src\\models\\blog.ts": {"path":"C:\\Users\\sales\\Desktop\\x2\\Andela\\portofolio-backend-v2\\portofolio-backend\\src\\models\\blog.ts","statementMap":{"0":{"start":{"line":1,"column":0},"end":{"line":1,"column":54}},"1":{"start":{"line":15,"column":27},"end":{"line":25,"column":2}},"2":{"start":{"line":27,"column":0},"end":{"line":27,"column":57}}},"fnMap":{},"branchMap":{},"s":{"0":1,"1":1,"2":1},"f":{},"b":{}}
,"C:\\Users\\sales\\Desktop\\x2\\Andela\\portofolio-backend-v2\\portofolio-backend\\src\\models\\comment.ts": {"path":"C:\\Users\\sales\\Desktop\\x2\\Andela\\portofolio-backend-v2\\portofolio-backend\\src\\models\\comment.ts","statementMap":{"0":{"start":{"line":1,"column":0},"end":{"line":1,"column":54}},"1":{"start":{"line":13,"column":22},"end":{"line":19,"column":2}},"2":{"start":{"line":22,"column":16},"end":{"line":22,"column":66}},"3":{"start":{"line":24,"column":19},"end":{"line":24,"column":26}}},"fnMap":{},"branchMap":{},"s":{"0":1,"1":1,"2":1,"3":1},"f":{},"b":{}}
,"C:\\Users\\sales\\Desktop\\x2\\Andela\\portofolio-backend-v2\\portofolio-backend\\src\\models\\user.ts": {"path":"C:\\Users\\sales\\Desktop\\x2\\Andela\\portofolio-backend-v2\\portofolio-backend\\src\\models\\user.ts","statementMap":{"0":{"start":{"line":1,"column":0},"end":{"line":1,"column":54}},"1":{"start":{"line":9,"column":27},"end":{"line":12,"column":4}},"2":{"start":{"line":14,"column":2},"end":{"line":14,"column":59}}},"fnMap":{},"branchMap":{},"s":{"0":1,"1":1,"2":1},"f":{},"b":{}}
,"C:\\Users\\sales\\Desktop\\x2\\Andela\\portofolio-backend-v2\\portofolio-backend\\src\\routes\\blog.ts": {"path":"C:\\Users\\sales\\Desktop\\x2\\Andela\\portofolio-backend-v2\\portofolio-backend\\src\\routes\\blog.ts","statementMap":{"0":{"start":{"line":166,"column":16},"end":{"line":166,"column":34}},"1":{"start":{"line":169,"column":15},"end":{"line":169,"column":31}},"2":{"start":{"line":170,"column":0},"end":{"line":170,"column":62}},"3":{"start":{"line":172,"column":0},"end":{"line":172,"column":49}},"4":{"start":{"line":174,"column":24},"end":{"line":174,"column":44}},"5":{"start":{"line":176,"column":122},"end":{"line":176,"column":137}},"6":{"start":{"line":177,"column":0},"end":{"line":177,"column":29}},"7":{"start":{"line":178,"column":0},"end":{"line":178,"column":32}},"8":{"start":{"line":179,"column":0},"end":{"line":179,"column":138}},"9":{"start":{"line":179,"column":116},"end":{"line":179,"column":136}},"10":{"start":{"line":180,"column":0},"end":{"line":180,"column":39}},"11":{"start":{"line":181,"column":0},"end":{"line":181,"column":34}},"12":{"start":{"line":182,"column":0},"end":{"line":182,"column":137}},"13":{"start":{"line":182,"column":117},"end":{"line":182,"column":135}},"14":{"start":{"line":183,"column":0},"end":{"line":183,"column":144}},"15":{"start":{"line":183,"column":122},"end":{"line":183,"column":142}},"16":{"start":{"line":187,"column":0},"end":{"line":187,"column":22}}},"fnMap":{"0":{"name":"(anonymous_1)","decl":{"start":{"line":179,"column":39},"end":{"line":179,"column":40}},"loc":{"start":{"line":179,"column":116},"end":{"line":179,"column":136}}},"1":{"name":"(anonymous_2)","decl":{"start":{"line":182,"column":40},"end":{"line":182,"column":41}},"loc":{"start":{"line":182,"column":117},"end":{"line":182,"column":135}}},"2":{"name":"(anonymous_3)","decl":{"start":{"line":183,"column":45},"end":{"line":183,"column":46}},"loc":{"start":{"line":183,"column":122},"end":{"line":183,"column":142}}}},"branchMap":{},"s":{"0":1,"1":1,"2":1,"3":1,"4":1,"5":1,"6":1,"7":1,"8":1,"9":1,"10":1,"11":1,"12":1,"13":2,"14":1,"15":2,"16":1},"f":{"0":1,"1":2,"2":2},"b":{}}
,"C:\\Users\\sales\\Desktop\\x2\\Andela\\portofolio-backend-v2\\portofolio-backend\\src\\routes\\comment.ts": {"path":"C:\\Users\\sales\\Desktop\\x2\\Andela\\portofolio-backend-v2\\portofolio-backend\\src\\routes\\comment.ts","statementMap":{"0":{"start":{"line":91,"column":16},"end":{"line":91,"column":34}},"1":{"start":{"line":94,"column":15},"end":{"line":94,"column":31}},"2":{"start":{"line":95,"column":0},"end":{"line":95,"column":62}},"3":{"start":{"line":97,"column":0},"end":{"line":97,"column":56}},"4":{"start":{"line":99,"column":27},"end":{"line":99,"column":50}},"5":{"start":{"line":101,"column":56},"end":{"line":101,"column":74}},"6":{"start":{"line":102,"column":0},"end":{"line":102,"column":39}},"7":{"start":{"line":103,"column":0},"end":{"line":103,"column":29}},"8":{"start":{"line":104,"column":0},"end":{"line":104,"column":140}},"9":{"start":{"line":104,"column":115},"end":{"line":104,"column":138}},"10":{"start":{"line":109,"column":0},"end":{"line":109,"column":22}}},"fnMap":{"0":{"name":"(anonymous_1)","decl":{"start":{"line":104,"column":38},"end":{"line":104,"column":39}},"loc":{"start":{"line":104,"column":115},"end":{"line":104,"column":138}}}},"branchMap":{},"s":{"0":1,"1":1,"2":1,"3":1,"4":1,"5":1,"6":1,"7":1,"8":1,"9":0,"10":1},"f":{"0":0},"b":{}}
,"C:\\Users\\sales\\Desktop\\x2\\Andela\\portofolio-backend-v2\\portofolio-backend\\src\\routes\\user.ts": {"path":"C:\\Users\\sales\\Desktop\\x2\\Andela\\portofolio-backend-v2\\portofolio-backend\\src\\routes\\user.ts","statementMap":{"0":{"start":{"line":75,"column":16},"end":{"line":75,"column":34}},"1":{"start":{"line":76,"column":15},"end":{"line":76,"column":31}},"2":{"start":{"line":77,"column":0},"end":{"line":77,"column":49}},"3":{"start":{"line":79,"column":23},"end":{"line":79,"column":43}},"4":{"start":{"line":80,"column":35},"end":{"line":80,"column":49}},"5":{"start":{"line":82,"column":0},"end":{"line":82,"column":28}},"6":{"start":{"line":83,"column":0},"end":{"line":83,"column":31}},"7":{"start":{"line":84,"column":0},"end":{"line":84,"column":31}},"8":{"start":{"line":91,"column":0},"end":{"line":91,"column":22}}},"fnMap":{},"branchMap":{},"s":{"0":1,"1":1,"2":1,"3":1,"4":1,"5":1,"6":1,"7":1,"8":1},"f":{},"b":{}}
}
