TN:
SF:src\index.ts
FN:21,(anonymous_8)
FN:51,(anonymous_9)
FN:51,(anonymous_10)
FN:55,(anonymous_11)
FNF:4
FNH:3
FNDA:0,(anonymous_8)
FNDA:1,(anonymous_9)
FNDA:1,(anonymous_10)
FNDA:1,(anonymous_11)
DA:1,1
DA:2,1
DA:3,1
DA:5,1
DA:6,1
DA:7,1
DA:9,1
DA:10,1
DA:13,1
DA:15,1
DA:16,1
DA:17,1
DA:18,1
DA:19,1
DA:21,1
DA:22,0
DA:25,1
DA:26,1
DA:27,1
DA:29,1
DA:48,1
DA:51,1
DA:52,1
DA:53,1
DA:54,1
DA:55,1
DA:59,0
DA:62,1
DA:73,1
LF:29
LH:27
BRDA:53,0,0,1
BRDA:53,0,1,0
BRDA:54,1,0,1
BRF:3
BRH:2
end_of_record
TN:
SF:src\controllers\blog.ts
FN:8,(anonymous_8)
FN:17,(anonymous_10)
FN:29,(anonymous_12)
FN:53,(anonymous_14)
FN:68,(anonymous_16)
FN:84,(anonymous_18)
FN:114,(anonymous_20)
FNF:7
FNH:7
FNDA:2,(anonymous_8)
FNDA:2,(anonymous_10)
FNDA:1,(anonymous_12)
FNDA:2,(anonymous_14)
FNDA:2,(anonymous_16)
FNDA:2,(anonymous_18)
FNDA:2,(anonymous_20)
DA:2,1
DA:6,1
DA:9,2
DA:10,2
DA:11,2
DA:13,0
DA:18,2
DA:19,2
DA:20,1
DA:21,0
DA:23,1
DA:25,1
DA:30,1
DA:32,1
DA:33,1
DA:45,1
DA:47,1
DA:49,0
DA:54,2
DA:55,2
DA:56,1
DA:57,0
DA:60,1
DA:62,1
DA:63,1
DA:65,1
DA:69,2
DA:70,2
DA:71,1
DA:72,0
DA:75,1
DA:77,1
DA:78,1
DA:80,1
DA:85,2
DA:86,2
DA:87,1
DA:88,0
DA:91,1
DA:92,1
DA:94,1
DA:95,1
DA:97,1
DA:98,1
DA:100,1
DA:101,1
DA:103,1
DA:104,1
DA:107,1
DA:108,1
DA:110,1
DA:115,2
DA:116,2
DA:117,1
DA:118,0
DA:121,1
DA:122,1
DA:124,1
LF:58
LH:51
BRDA:20,0,0,0
BRDA:56,1,0,0
BRDA:71,2,0,0
BRDA:87,3,0,0
BRDA:91,4,0,1
BRDA:94,5,0,1
BRDA:97,6,0,1
BRDA:100,7,0,1
BRDA:103,8,0,1
BRDA:117,9,0,0
BRF:10
BRH:5
end_of_record
TN:
SF:src\controllers\comments.ts
FN:8,(anonymous_8)
FN:43,(anonymous_10)
FN:75,(anonymous_12)
FNF:3
FNH:2
FNDA:4,(anonymous_8)
FNDA:0,(anonymous_10)
FNDA:1,(anonymous_12)
DA:2,1
DA:3,1
DA:5,1
DA:9,4
DA:11,4
DA:12,4
DA:20,4
DA:23,3
DA:24,3
DA:25,1
DA:29,2
DA:32,2
DA:34,2
DA:36,1
DA:44,0
DA:46,0
DA:47,0
DA:49,0
DA:50,0
DA:54,0
DA:55,0
DA:56,0
DA:60,0
DA:61,0
DA:62,0
DA:66,0
DA:68,0
DA:70,0
DA:76,1
DA:78,1
DA:79,1
DA:81,1
DA:82,0
DA:85,1
DA:87,0
LF:35
LH:19
BRDA:24,0,0,1
BRDA:49,1,0,0
BRDA:55,2,0,0
BRDA:61,3,0,0
BRDA:81,4,0,0
BRF:5
BRH:1
end_of_record
TN:
SF:src\controllers\user.ts
FN:7,(anonymous_8)
FN:40,(anonymous_10)
FN:68,(anonymous_12)
FNF:3
FNH:3
FNDA:1,(anonymous_8)
FNDA:4,(anonymous_10)
FNDA:2,(anonymous_12)
DA:1,1
DA:3,1
DA:4,1
DA:6,1
DA:8,1
DA:10,1
DA:11,1
DA:13,0
DA:14,0
DA:16,0
DA:17,0
DA:20,0
DA:21,0
DA:23,0
DA:24,0
DA:27,0
DA:34,0
DA:36,0
DA:41,4
DA:43,4
DA:44,4
DA:46,4
DA:47,1
DA:50,3
DA:52,3
DA:53,1
DA:56,2
DA:62,2
DA:69,2
DA:71,2
DA:77,2
DA:81,0
LF:32
LH:20
BRDA:10,0,0,1
BRDA:10,1,0,1
BRDA:10,1,1,1
BRDA:16,2,0,0
BRDA:46,3,0,1
BRDA:52,4,0,1
BRDA:69,5,0,0
BRF:7
BRH:5
end_of_record
TN:
SF:src\db\connect.ts
FN:3,(anonymous_0)
FNF:1
FNH:1
FNDA:1,(anonymous_0)
DA:1,1
DA:3,1
DA:4,1
DA:7,1
LF:4
LH:4
BRF:0
BRH:0
end_of_record
TN:
SF:src\middleware\authMiddleware.ts
FN:5,(anonymous_8)
FN:5,(anonymous_9)
FNF:2
FNH:2
FNDA:9,(anonymous_8)
FNDA:9,(anonymous_9)
DA:1,1
DA:3,1
DA:5,9
DA:7,9
DA:11,9
DA:12,3
DA:15,6
DA:17,6
DA:20,5
DA:21,5
DA:22,0
DA:26,5
DA:28,1
LF:13
LH:12
BRDA:11,0,0,3
BRDA:21,1,0,0
BRF:2
BRH:1
end_of_record
TN:
SF:src\models\blog.ts
FNF:0
FNH:0
DA:1,1
DA:15,1
DA:27,1
LF:3
LH:3
BRF:0
BRH:0
end_of_record
TN:
SF:src\models\comment.ts
FNF:0
FNH:0
DA:1,1
DA:13,1
DA:22,1
DA:24,1
LF:4
LH:4
BRF:0
BRH:0
end_of_record
TN:
SF:src\models\user.ts
FNF:0
FNH:0
DA:1,1
DA:9,1
DA:14,1
LF:3
LH:3
BRF:0
BRH:0
end_of_record
TN:
SF:src\routes\blog.ts
FN:179,(anonymous_1)
FN:182,(anonymous_2)
FN:183,(anonymous_3)
FNF:3
FNH:3
FNDA:1,(anonymous_1)
FNDA:2,(anonymous_2)
FNDA:2,(anonymous_3)
DA:166,1
DA:169,1
DA:170,1
DA:172,1
DA:174,1
DA:176,1
DA:177,1
DA:178,1
DA:179,1
DA:180,1
DA:181,1
DA:182,2
DA:183,2
DA:186,1
LF:14
LH:14
BRF:0
BRH:0
end_of_record
TN:
SF:src\routes\comment.ts
FN:104,(anonymous_1)
FNF:1
FNH:0
FNDA:0,(anonymous_1)
DA:91,1
DA:94,1
DA:95,1
DA:97,1
DA:99,1
DA:101,1
DA:102,1
DA:103,1
DA:104,1
DA:109,1
LF:10
LH:10
BRF:0
BRH:0
end_of_record
TN:
SF:src\routes\user.ts
FNF:0
FNH:0
DA:75,1
DA:76,1
DA:77,1
DA:79,1
DA:80,1
DA:82,1
DA:83,1
DA:89,1
LF:8
LH:8
BRF:0
BRH:0
end_of_record
