TN:
SF:src\index.ts
FN:20,(anonymous_8)
FN:50,(anonymous_9)
FN:50,(anonymous_10)
FN:54,(anonymous_11)
FNF:4
FNH:3
FNDA:0,(anonymous_8)
FNDA:1,(anonymous_9)
FNDA:1,(anonymous_10)
FNDA:1,(anonymous_11)
DA:1,1
DA:2,1
DA:3,1
DA:5,1
DA:6,1
DA:7,1
DA:9,1
DA:10,1
DA:13,1
DA:16,1
DA:17,1
DA:18,1
DA:20,1
DA:21,0
DA:24,1
DA:25,1
DA:26,1
DA:28,1
DA:47,1
DA:50,1
DA:51,1
DA:52,1
DA:53,1
DA:54,1
DA:58,0
DA:61,1
DA:72,1
LF:27
LH:25
BRDA:52,0,0,1
BRDA:52,0,1,0
BRDA:53,1,0,1
BRF:3
BRH:2
end_of_record
TN:
SF:src\controllers\blog.ts
FN:8,(anonymous_8)
FN:17,(anonymous_10)
FN:29,(anonymous_12)
FN:53,(anonymous_14)
FN:68,(anonymous_16)
FN:84,(anonymous_18)
FN:114,(anonymous_20)
FNF:7
FNH:3
FNDA:1,(anonymous_8)
FNDA:2,(anonymous_10)
FNDA:1,(anonymous_12)
FNDA:0,(anonymous_14)
FNDA:0,(anonymous_16)
FNDA:0,(anonymous_18)
FNDA:0,(anonymous_20)
DA:2,1
DA:6,1
DA:9,1
DA:10,1
DA:11,1
DA:13,0
DA:18,2
DA:19,2
DA:20,1
DA:21,0
DA:23,1
DA:25,1
DA:30,1
DA:32,1
DA:33,1
DA:45,1
DA:47,1
DA:49,0
DA:54,0
DA:55,0
DA:56,0
DA:57,0
DA:60,0
DA:62,0
DA:63,0
DA:65,0
DA:69,0
DA:70,0
DA:71,0
DA:72,0
DA:75,0
DA:77,0
DA:78,0
DA:80,0
DA:85,0
DA:86,0
DA:87,0
DA:88,0
DA:91,0
DA:92,0
DA:94,0
DA:95,0
DA:97,0
DA:98,0
DA:100,0
DA:101,0
DA:103,0
DA:104,0
DA:107,0
DA:108,0
DA:110,0
DA:115,0
DA:116,0
DA:117,0
DA:118,0
DA:121,0
DA:122,0
DA:124,0
LF:58
LH:15
BRDA:20,0,0,0
BRDA:56,1,0,0
BRDA:71,2,0,0
BRDA:87,3,0,0
BRDA:91,4,0,0
BRDA:94,5,0,0
BRDA:97,6,0,0
BRDA:100,7,0,0
BRDA:103,8,0,0
BRDA:117,9,0,0
BRF:10
BRH:0
end_of_record
TN:
SF:src\controllers\comments.ts
FN:8,(anonymous_8)
FN:43,(anonymous_10)
FN:75,(anonymous_12)
FNF:3
FNH:2
FNDA:4,(anonymous_8)
FNDA:0,(anonymous_10)
FNDA:1,(anonymous_12)
DA:2,1
DA:3,1
DA:5,1
DA:9,4
DA:11,4
DA:12,4
DA:20,4
DA:23,3
DA:24,3
DA:25,1
DA:29,2
DA:32,2
DA:34,2
DA:36,1
DA:44,0
DA:46,0
DA:47,0
DA:49,0
DA:50,0
DA:54,0
DA:55,0
DA:56,0
DA:60,0
DA:61,0
DA:62,0
DA:66,0
DA:68,0
DA:70,0
DA:76,1
DA:78,1
DA:79,1
DA:81,1
DA:82,0
DA:85,1
DA:87,0
LF:35
LH:19
BRDA:24,0,0,1
BRDA:49,1,0,0
BRDA:55,2,0,0
BRDA:61,3,0,0
BRDA:81,4,0,0
BRF:5
BRH:1
end_of_record
TN:
SF:src\controllers\user.ts
FN:7,(anonymous_8)
FN:32,(anonymous_10)
FN:60,(anonymous_12)
FNF:3
FNH:3
FNDA:1,(anonymous_8)
FNDA:3,(anonymous_10)
FNDA:1,(anonymous_12)
DA:1,1
DA:3,1
DA:4,1
DA:6,1
DA:8,1
DA:10,1
DA:11,1
DA:13,0
DA:14,0
DA:16,0
DA:17,0
DA:20,0
DA:21,0
DA:23,0
DA:24,0
DA:26,0
DA:28,0
DA:33,3
DA:35,3
DA:36,3
DA:38,3
DA:39,1
DA:42,2
DA:44,2
DA:45,1
DA:48,1
DA:54,1
DA:61,1
DA:62,1
DA:66,0
LF:30
LH:19
BRDA:10,0,0,1
BRDA:10,1,0,1
BRDA:10,1,1,1
BRDA:16,2,0,0
BRDA:38,3,0,1
BRDA:44,4,0,1
BRDA:61,5,0,0
BRF:7
BRH:5
end_of_record
TN:
SF:src\db\connect.ts
FN:3,(anonymous_0)
FNF:1
FNH:1
FNDA:1,(anonymous_0)
DA:1,1
DA:3,1
DA:4,1
DA:7,1
LF:4
LH:4
BRF:0
BRH:0
end_of_record
TN:
SF:src\middleware\authMiddleware.ts
FN:5,(anonymous_8)
FN:5,(anonymous_9)
FNF:2
FNH:2
FNDA:4,(anonymous_8)
FNDA:4,(anonymous_9)
DA:1,1
DA:3,1
DA:5,4
DA:7,4
DA:10,4
DA:11,2
DA:14,2
DA:16,2
DA:19,1
DA:20,1
DA:21,0
DA:25,1
DA:27,1
LF:13
LH:12
BRDA:10,0,0,2
BRDA:20,1,0,0
BRF:2
BRH:1
end_of_record
TN:
SF:src\models\blog.ts
FNF:0
FNH:0
DA:1,1
DA:15,1
DA:27,1
LF:3
LH:3
BRF:0
BRH:0
end_of_record
TN:
SF:src\models\comment.ts
FNF:0
FNH:0
DA:1,1
DA:13,1
DA:22,1
DA:24,1
LF:4
LH:4
BRF:0
BRH:0
end_of_record
TN:
SF:src\models\user.ts
FNF:0
FNH:0
DA:1,1
DA:9,1
DA:14,1
LF:3
LH:3
BRF:0
BRH:0
end_of_record
TN:
SF:src\routes\blog.ts
FN:167,(anonymous_1)
FN:170,(anonymous_2)
FN:171,(anonymous_3)
FNF:3
FNH:1
FNDA:1,(anonymous_1)
FNDA:0,(anonymous_2)
FNDA:0,(anonymous_3)
DA:154,1
DA:157,1
DA:158,1
DA:160,1
DA:162,1
DA:164,1
DA:165,1
DA:166,1
DA:167,1
DA:168,1
DA:169,1
DA:170,1
DA:171,1
DA:174,1
LF:14
LH:14
BRF:0
BRH:0
end_of_record
TN:
SF:src\routes\comment.ts
FN:97,(anonymous_1)
FNF:1
FNH:0
FNDA:0,(anonymous_1)
DA:84,1
DA:87,1
DA:88,1
DA:90,1
DA:92,1
DA:94,1
DA:95,1
DA:96,1
DA:97,1
DA:102,1
LF:10
LH:10
BRF:0
BRH:0
end_of_record
TN:
SF:src\routes\user.ts
FNF:0
FNH:0
DA:70,1
DA:71,1
DA:72,1
DA:74,1
DA:75,1
DA:77,1
DA:78,1
DA:84,1
LF:8
LH:8
BRF:0
BRH:0
end_of_record
